Global symbol "$Client" requires explicit package name (did you forget to declare "my $Client"?) at C:\Users\mcoblent\OneDrive\Xplanet\xplanet-1.3.0\xplanet\config\scripts\Totalmarker2.6.1a.pl line 40.
Global symbol "$ua" requires explicit package name (did you forget to declare "my $ua"?) at C:\Users\mcoblent\OneDrive\Xplanet\xplanet-1.3.0\xplanet\config\scripts\Totalmarker2.6.1a.pl line 95.
Global symbol "$ua" requires explicit package name (did you forget to declare "my $ua"?) at C:\Users\mcoblent\OneDrive\Xplanet\xplanet-1.3.0\xplanet\config\scripts\Totalmarker2.6.1a.pl line 96.
Global symbol "$ua" requires explicit package name (did you forget to declare "my $ua"?) at C:\Users\mcoblent\OneDrive\Xplanet\xplanet-1.3.0\xplanet\config\scripts\Totalmarker2.6.1a.pl line 97.
Global symbol "$xplanet_images_dir" requires explicit package name (did you forget to declare "my $xplanet_images_dir"?) at C:\Users\mcoblent\OneDrive\Xplanet\xplanet-1.3.0\xplanet\config\scripts\Totalmarker2.6.1a.pl line 117.
Global symbol "%env" requires explicit package name (did you forget to declare "my %env"?) at C:\Users\mcoblent\OneDrive\Xplanet\xplanet-1.3.0\xplanet\config\scripts\Totalmarker2.6.1a.pl line 120.
Global symbol "$iss_file" requires explicit package name (did you forget to declare "my $iss_file"?) at C:\Users\mcoblent\OneDrive\Xplanet\xplanet-1.3.0\xplanet\config\scripts\Totalmarker2.6.1a.pl line 138.
Global symbol "$isstle_file" requires explicit package name (did you forget to declare "my $isstle_file"?) at C:\Users\mcoblent\OneDrive\Xplanet\xplanet-1.3.0\xplanet\config\scripts\Totalmarker2.6.1a.pl line 141.
Global symbol "$xplanet_arc_dir" requires explicit package name (did you forget to declare "my $xplanet_arc_dir"?) at C:\Users\mcoblent\OneDrive\Xplanet\xplanet-1.3.0\xplanet\config\scripts\Totalmarker2.6.1a.pl line 186.
Global symbol "$xplanet_arc_dir" requires explicit package name (did you forget to declare "my $xplanet_arc_dir"?) at C:\Users\mcoblent\OneDrive\Xplanet\xplanet-1.3.0\xplanet\config\scripts\Totalmarker2.6.1a.pl line 187.
C:\Users\mcoblent\OneDrive\Xplanet\xplanet-1.3.0\xplanet\config\scripts\Totalmarker2.6.1a.pl has too many errors.
Global symbol "$Client" requires explicit package name (did you forget to declare "my $Client"?) at C:\Users\mcoblent\OneDrive\Xplanet\xplanet-1.3.0\xplanet\config\scripts\Totalmarker2.6.1a.pl line 40.
Global symbol "$ua" requires explicit package name (did you forget to declare "my $ua"?) at C:\Users\mcoblent\OneDrive\Xplanet\xplanet-1.3.0\xplanet\config\scripts\Totalmarker2.6.1a.pl line 95.
Global symbol "$ua" requires explicit package name (did you forget to declare "my $ua"?) at C:\Users\mcoblent\OneDrive\Xplanet\xplanet-1.3.0\xplanet\config\scripts\Totalmarker2.6.1a.pl line 96.
Global symbol "$ua" requires explicit package name (did you forget to declare "my $ua"?) at C:\Users\mcoblent\OneDrive\Xplanet\xplanet-1.3.0\xplanet\config\scripts\Totalmarker2.6.1a.pl line 97.
Global symbol "$xplanet_images_dir" requires explicit package name (did you forget to declare "my $xplanet_images_dir"?) at C:\Users\mcoblent\OneDrive\Xplanet\xplanet-1.3.0\xplanet\config\scripts\Totalmarker2.6.1a.pl line 117.
Global symbol "%env" requires explicit package name (did you forget to declare "my %env"?) at C:\Users\mcoblent\OneDrive\Xplanet\xplanet-1.3.0\xplanet\config\scripts\Totalmarker2.6.1a.pl line 120.
Global symbol "$iss_file" requires explicit package name (did you forget to declare "my $iss_file"?) at C:\Users\mcoblent\OneDrive\Xplanet\xplanet-1.3.0\xplanet\config\scripts\Totalmarker2.6.1a.pl line 138.
Global symbol "$isstle_file" requires explicit package name (did you forget to declare "my $isstle_file"?) at C:\Users\mcoblent\OneDrive\Xplanet\xplanet-1.3.0\xplanet\config\scripts\Totalmarker2.6.1a.pl line 141.
Global symbol "$xplanet_arc_dir" requires explicit package name (did you forget to declare "my $xplanet_arc_dir"?) at C:\Users\mcoblent\OneDrive\Xplanet\xplanet-1.3.0\xplanet\config\scripts\Totalmarker2.6.1a.pl line 186.
Global symbol "$xplanet_arc_dir" requires explicit package name (did you forget to declare "my $xplanet_arc_dir"?) at C:\Users\mcoblent\OneDrive\Xplanet\xplanet-1.3.0\xplanet\config\scripts\Totalmarker2.6.1a.pl line 187.
C:\Users\mcoblent\OneDrive\Xplanet\xplanet-1.3.0\xplanet\config\scripts\Totalmarker2.6.1a.pl has too many errors.
Global symbol "$Client" requires explicit package name (did you forget to declare "my $Client"?) at C:\Users\mcoblent\OneDrive\Xplanet\xplanet-1.3.0\xplanet\config\scripts\Totalmarker2.6.1a.pl line 40.
Global symbol "$ua" requires explicit package name (did you forget to declare "my $ua"?) at C:\Users\mcoblent\OneDrive\Xplanet\xplanet-1.3.0\xplanet\config\scripts\Totalmarker2.6.1a.pl line 95.
Global symbol "$ua" requires explicit package name (did you forget to declare "my $ua"?) at C:\Users\mcoblent\OneDrive\Xplanet\xplanet-1.3.0\xplanet\config\scripts\Totalmarker2.6.1a.pl line 96.
Global symbol "$ua" requires explicit package name (did you forget to declare "my $ua"?) at C:\Users\mcoblent\OneDrive\Xplanet\xplanet-1.3.0\xplanet\config\scripts\Totalmarker2.6.1a.pl line 97.
Global symbol "$xplanet_images_dir" requires explicit package name (did you forget to declare "my $xplanet_images_dir"?) at C:\Users\mcoblent\OneDrive\Xplanet\xplanet-1.3.0\xplanet\config\scripts\Totalmarker2.6.1a.pl line 117.
Global symbol "%env" requires explicit package name (did you forget to declare "my %env"?) at C:\Users\mcoblent\OneDrive\Xplanet\xplanet-1.3.0\xplanet\config\scripts\Totalmarker2.6.1a.pl line 120.
Global symbol "$iss_file" requires explicit package name (did you forget to declare "my $iss_file"?) at C:\Users\mcoblent\OneDrive\Xplanet\xplanet-1.3.0\xplanet\config\scripts\Totalmarker2.6.1a.pl line 138.
Global symbol "$isstle_file" requires explicit package name (did you forget to declare "my $isstle_file"?) at C:\Users\mcoblent\OneDrive\Xplanet\xplanet-1.3.0\xplanet\config\scripts\Totalmarker2.6.1a.pl line 141.
Global symbol "$xplanet_arc_dir" requires explicit package name (did you forget to declare "my $xplanet_arc_dir"?) at C:\Users\mcoblent\OneDrive\Xplanet\xplanet-1.3.0\xplanet\config\scripts\Totalmarker2.6.1a.pl line 186.
Global symbol "$xplanet_arc_dir" requires explicit package name (did you forget to declare "my $xplanet_arc_dir"?) at C:\Users\mcoblent\OneDrive\Xplanet\xplanet-1.3.0\xplanet\config\scripts\Totalmarker2.6.1a.pl line 187.
C:\Users\mcoblent\OneDrive\Xplanet\xplanet-1.3.0\xplanet\config\scripts\Totalmarker2.6.1a.pl has too many errors.
Global symbol "$Client" requires explicit package name (did you forget to declare "my $Client"?) at C:\Users\mcoblent\OneDrive\Xplanet\xplanet-1.3.0\xplanet\config\scripts\Totalmarker2.6.1a.pl line 40.
Global symbol "$ua" requires explicit package name (did you forget to declare "my $ua"?) at C:\Users\mcoblent\OneDrive\Xplanet\xplanet-1.3.0\xplanet\config\scripts\Totalmarker2.6.1a.pl line 95.
Global symbol "$ua" requires explicit package name (did you forget to declare "my $ua"?) at C:\Users\mcoblent\OneDrive\Xplanet\xplanet-1.3.0\xplanet\config\scripts\Totalmarker2.6.1a.pl line 96.
Global symbol "$ua" requires explicit package name (did you forget to declare "my $ua"?) at C:\Users\mcoblent\OneDrive\Xplanet\xplanet-1.3.0\xplanet\config\scripts\Totalmarker2.6.1a.pl line 97.
Global symbol "$xplanet_images_dir" requires explicit package name (did you forget to declare "my $xplanet_images_dir"?) at C:\Users\mcoblent\OneDrive\Xplanet\xplanet-1.3.0\xplanet\config\scripts\Totalmarker2.6.1a.pl line 117.
Global symbol "%env" requires explicit package name (did you forget to declare "my %env"?) at C:\Users\mcoblent\OneDrive\Xplanet\xplanet-1.3.0\xplanet\config\scripts\Totalmarker2.6.1a.pl line 120.
Global symbol "$iss_file" requires explicit package name (did you forget to declare "my $iss_file"?) at C:\Users\mcoblent\OneDrive\Xplanet\xplanet-1.3.0\xplanet\config\scripts\Totalmarker2.6.1a.pl line 138.
Global symbol "$isstle_file" requires explicit package name (did you forget to declare "my $isstle_file"?) at C:\Users\mcoblent\OneDrive\Xplanet\xplanet-1.3.0\xplanet\config\scripts\Totalmarker2.6.1a.pl line 141.
Global symbol "$xplanet_arc_dir" requires explicit package name (did you forget to declare "my $xplanet_arc_dir"?) at C:\Users\mcoblent\OneDrive\Xplanet\xplanet-1.3.0\xplanet\config\scripts\Totalmarker2.6.1a.pl line 186.
Global symbol "$xplanet_arc_dir" requires explicit package name (did you forget to declare "my $xplanet_arc_dir"?) at C:\Users\mcoblent\OneDrive\Xplanet\xplanet-1.3.0\xplanet\config\scripts\Totalmarker2.6.1a.pl line 187.
C:\Users\mcoblent\OneDrive\Xplanet\xplanet-1.3.0\xplanet\config\scripts\Totalmarker2.6.1a.pl has too many errors.
syntax error at C:\Users\mcoblent\OneDrive\Xplanet\xplanet-1.3.0\xplanet\config\scripts\Totalmarker2.6.1a.pl line 322, near "else"
Execution of C:\Users\mcoblent\OneDrive\Xplanet\xplanet-1.3.0\xplanet\config\scripts\Totalmarker2.6.1a.pl aborted due to compilation errors.
Global symbol "$cloudsettings" requires explicit package name (did you forget to declare "my $cloudsettings"?) at C:\Users\mcoblent\OneDrive\Xplanet\xplanet-1.3.0\xplanet\config\scripts\Totalmarker2.6.1a.pl line 445.
Global symbol "$cloudsettings" requires explicit package name (did you forget to declare "my $cloudsettings"?) at C:\Users\mcoblent\OneDrive\Xplanet\xplanet-1.3.0\xplanet\config\scripts\Totalmarker2.6.1a.pl line 445.
Global symbol "$cloudsettings" requires explicit package name (did you forget to declare "my $cloudsettings"?) at C:\Users\mcoblent\OneDrive\Xplanet\xplanet-1.3.0\xplanet\config\scripts\Totalmarker2.6.1a.pl line 446.
Global symbol "$cloudsettings" requires explicit package name (did you forget to declare "my $cloudsettings"?) at C:\Users\mcoblent\OneDrive\Xplanet\xplanet-1.3.0\xplanet\config\scripts\Totalmarker2.6.1a.pl line 446.
Global symbol "$cloudsettings" requires explicit package name (did you forget to declare "my $cloudsettings"?) at C:\Users\mcoblent\OneDrive\Xplanet\xplanet-1.3.0\xplanet\config\scripts\Totalmarker2.6.1a.pl line 447.
Global symbol "$cloudsettings" requires explicit package name (did you forget to declare "my $cloudsettings"?) at C:\Users\mcoblent\OneDrive\Xplanet\xplanet-1.3.0\xplanet\config\scripts\Totalmarker2.6.1a.pl line 447.
Global symbol "$cloudsettings" requires explicit package name (did you forget to declare "my $cloudsettings"?) at C:\Users\mcoblent\OneDrive\Xplanet\xplanet-1.3.0\xplanet\config\scripts\Totalmarker2.6.1a.pl line 448.
Global symbol "$cloudsettings" requires explicit package name (did you forget to declare "my $cloudsettings"?) at C:\Users\mcoblent\OneDrive\Xplanet\xplanet-1.3.0\xplanet\config\scripts\Totalmarker2.6.1a.pl line 448.
Global symbol "$cloudsettings" requires explicit package name (did you forget to declare "my $cloudsettings"?) at C:\Users\mcoblent\OneDrive\Xplanet\xplanet-1.3.0\xplanet\config\scripts\Totalmarker2.6.1a.pl line 449.
Global symbol "$cloudsettings" requires explicit package name (did you forget to declare "my $cloudsettings"?) at C:\Users\mcoblent\OneDrive\Xplanet\xplanet-1.3.0\xplanet\config\scripts\Totalmarker2.6.1a.pl line 449.
C:\Users\mcoblent\OneDrive\Xplanet\xplanet-1.3.0\xplanet\config\scripts\Totalmarker2.6.1a.pl has too many errors.
